<?xml version="1.0" encoding="UTF-8"?>
<testng-results skipped="0" failed="0" ignored="0" total="1" passed="1">
  <reporter-output>
  </reporter-output>
  <suite name="iLABWebsite" duration-ms="68016" started-at="2020-01-13T19:27:38Z" finished-at="2020-01-13T19:28:46Z">
    <groups>
    </groups>
    <test name="iLABWebsite Test" duration-ms="68016" started-at="2020-01-13T19:27:38Z" finished-at="2020-01-13T19:28:46Z">
      <class name="com.iLABWebsite.testCase.TC_TesterApplicationTest_001">
        <test-method status="PASS" signature="setup(java.lang.String)[pri:0, instance:com.iLABWebsite.testCase.TC_TesterApplicationTest_001@96532d6]" name="setup" is-config="true" duration-ms="17083" started-at="2020-01-13T19:27:38Z" finished-at="2020-01-13T19:27:55Z">
          <params>
            <param index="0">
              <value>
                <![CDATA[chrome]]>
              </value>
            </param>
          </params>
          <reporter-output>
          </reporter-output>
        </test-method> <!-- setup -->
        <test-method status="PASS" signature="ApplicationTest(java.lang.String, java.lang.String)[pri:0, instance:com.iLABWebsite.testCase.TC_TesterApplicationTest_001@96532d6]" name="ApplicationTest" duration-ms="49676" started-at="2020-01-13T19:27:55Z" data-provider="Applicant" finished-at="2020-01-13T19:28:45Z">
          <params>
            <param index="0">
              <value>
                <![CDATA[Phila]]>
              </value>
            </param>
            <param index="1">
              <value>
                <![CDATA[automationAssessment@iLABQuality.com]]>
              </value>
            </param>
          </params>
          <reporter-output>
          </reporter-output>
        </test-method> <!-- ApplicationTest -->
        <test-method status="PASS" signature="tearDown()[pri:0, instance:com.iLABWebsite.testCase.TC_TesterApplicationTest_001@96532d6]" name="tearDown" is-config="true" duration-ms="655" started-at="2020-01-13T19:28:45Z" finished-at="2020-01-13T19:28:46Z">
          <reporter-output>
          </reporter-output>
        </test-method> <!-- tearDown -->
      </class> <!-- com.iLABWebsite.testCase.TC_TesterApplicationTest_001 -->
    </test> <!-- iLABWebsite Test -->
  </suite> <!-- iLABWebsite -->
</testng-results>
