<?xml version="1.0" encoding="UTF-8"?>
<testng-results skipped="0" failed="0" ignored="0" total="1" passed="1">
  <reporter-output>
  </reporter-output>
  <suite name="iLABWebsite" duration-ms="67217" started-at="2019-11-28T10:36:24Z" finished-at="2019-11-28T10:37:31Z">
    <groups>
    </groups>
    <test name="iLABWebsite Test" duration-ms="67217" started-at="2019-11-28T10:36:24Z" finished-at="2019-11-28T10:37:31Z">
      <class name="com.iLABWebsite.testCase.TC_TesterApplicationTest_001">
        <test-method status="PASS" signature="setup(java.lang.String)[pri:0, instance:com.iLABWebsite.testCase.TC_TesterApplicationTest_001@464bee09]" name="setup" is-config="true" duration-ms="16626" started-at="2019-11-28T10:36:24Z" finished-at="2019-11-28T10:36:41Z">
          <params>
            <param index="0">
              <value>
                <![CDATA[chrome]]>
              </value>
            </param>
          </params>
          <reporter-output>
          </reporter-output>
        </test-method> <!-- setup -->
        <test-method status="PASS" signature="ApplicationTest(java.lang.String, java.lang.String)[pri:0, instance:com.iLABWebsite.testCase.TC_TesterApplicationTest_001@464bee09]" name="ApplicationTest" duration-ms="48343" started-at="2019-11-28T10:36:42Z" data-provider="Applicant" finished-at="2019-11-28T10:37:30Z">
          <params>
            <param index="0">
              <value>
                <![CDATA[Phila]]>
              </value>
            </param>
            <param index="1">
              <value>
                <![CDATA[automationAssessment@iLABQuality.com]]>
              </value>
            </param>
          </params>
          <reporter-output>
          </reporter-output>
        </test-method> <!-- ApplicationTest -->
        <test-method status="PASS" signature="tearDown()[pri:0, instance:com.iLABWebsite.testCase.TC_TesterApplicationTest_001@464bee09]" name="tearDown" is-config="true" duration-ms="921" started-at="2019-11-28T10:37:30Z" finished-at="2019-11-28T10:37:31Z">
          <reporter-output>
          </reporter-output>
        </test-method> <!-- tearDown -->
      </class> <!-- com.iLABWebsite.testCase.TC_TesterApplicationTest_001 -->
    </test> <!-- iLABWebsite Test -->
  </suite> <!-- iLABWebsite -->
</testng-results>
